<?xml version="1.0" encoding="UTF-8"?>
<!-- Generated by org.testng.reporters.JUnitReportReporter -->
<testsuite skipped="0" hostname="DESKTOP-6EN4JMV" name="mavenProject.ExtendsReport.ExtentReportsDemo" tests="1" failures="0" timestamp="2021-09-17T22:59:20 ART" time="13.110" errors="0">
  <testcase name="initialDemo" time="13.110" classname="mavenProject.ExtendsReport.ExtentReportsDemo"/>
  <system-out/>
</testsuite> <!-- mavenProject.ExtendsReport.ExtentReportsDemo -->
